<?xml version="1.0" encoding="UTF-8"?>
<!-- Generated by org.testng.reporters.JUnitXMLReporter -->
<testsuite ignored="0" hostname="IN-GKTZ9K3" failures="0" tests="3" name="Default test" time="168.59" errors="0" timestamp="10 Nov 2022 10:55:55 GMT">
  <testcase classname="cucumber.api.testng.AbstractTestNGCucumberTests" name="feature" time="50.573"/>
  <testcase classname="cucumber.api.testng.AbstractTestNGCucumberTests" name="feature" time="70.626"/>
  <testcase classname="cucumber.api.testng.AbstractTestNGCucumberTests" name="feature" time="47.123"/>
</testsuite> <!-- Default test -->
