<?xml version="1.0" encoding="UTF-8"?>
<!-- Generated by org.testng.reporters.JUnitXMLReporter -->
<testsuite ignored="0" hostname="IN-GKTZ9K3" failures="0" tests="4" name="Default test" time="185.317" errors="0" timestamp="12 Nov 2022 12:05:06 GMT">
  <testcase classname="cucumber.api.testng.AbstractTestNGCucumberTests" name="feature" time="50.5"/>
  <testcase classname="cucumber.api.testng.AbstractTestNGCucumberTests" name="feature" time="70.664"/>
  <testcase classname="cucumber.api.testng.AbstractTestNGCucumberTests" name="feature" time="44.373"/>
  <testcase classname="cucumber.api.testng.AbstractTestNGCucumberTests" name="feature" time="19.544"/>
</testsuite> <!-- Default test -->
