<?xml version="1.0" encoding="UTF-8"?>
<!-- Generated by org.testng.reporters.JUnitXMLReporter -->
<testsuite ignored="0" hostname="IN-GKTZ9K3" failures="0" tests="3" name="Test" time="177.347" errors="0" timestamp="10 Nov 2022 15:21:25 GMT">
  <testcase classname="cucumber.api.testng.AbstractTestNGCucumberTests" name="feature" time="51.049"/>
  <testcase classname="cucumber.api.testng.AbstractTestNGCucumberTests" name="feature" time="71.813"/>
  <testcase classname="cucumber.api.testng.AbstractTestNGCucumberTests" name="feature" time="54.189"/>
</testsuite> <!-- Test -->
