<?xml version="1.0" encoding="UTF-8"?>
<testng-results ignored="0" total="3" passed="3" failed="0" skipped="0">
  <reporter-output>
  </reporter-output>
  <suite started-at="2022-11-10T15:18:28Z" name="Suite" finished-at="2022-11-10T15:21:25Z" duration-ms="177347">
    <groups>
      <group name="cucumber">
        <method signature="AbstractTestNGCucumberTests.feature(cucumber.api.testng.CucumberFeatureWrapper)[pri:0, instance:Runner.RunnerClass@2c22a348]" name="feature" class="cucumber.api.testng.AbstractTestNGCucumberTests"/>
      </group> <!-- cucumber -->
    </groups>
    <test started-at="2022-11-10T15:18:28Z" name="Test" finished-at="2022-11-10T15:21:25Z" duration-ms="177347">
      <class name="Runner.RunnerClass">
        <test-method is-config="true" signature="setup()[pri:0, instance:Runner.RunnerClass@2c22a348]" started-at="2022-11-10T15:18:24Z" name="setup" finished-at="2022-11-10T15:18:28Z" duration-ms="4270" status="PASS">
          <reporter-output>
          </reporter-output>
        </test-method> <!-- setup -->
        <test-method is-config="true" signature="setUpClass()[pri:0, instance:Runner.RunnerClass@2c22a348]" started-at="2022-11-10T15:18:28Z" name="setUpClass" finished-at="2022-11-10T15:18:28Z" duration-ms="174" status="PASS">
          <reporter-output>
          </reporter-output>
        </test-method> <!-- setUpClass -->
        <test-method is-config="true" signature="startTest(java.lang.reflect.Method)[pri:0, instance:Runner.RunnerClass@2c22a348]" started-at="2022-11-10T15:18:28Z" name="startTest" finished-at="2022-11-10T15:18:28Z" duration-ms="4" status="PASS">
          <params>
            <param index="0">
              <value>
                <![CDATA[public void cucumber.api.testng.AbstractTestNGCucumberTests.feature(cucumber.api.testng.CucumberFeatureWrapper)]]>
              </value>
            </param>
          </params>
          <reporter-output>
          </reporter-output>
        </test-method> <!-- startTest -->
        <test-method signature="feature(cucumber.api.testng.CucumberFeatureWrapper)[pri:0, instance:Runner.RunnerClass@2c22a348]" started-at="2022-11-10T15:18:28Z" name="feature" description="Runs Cucumber Feature" data-provider="features" finished-at="2022-11-10T15:19:19Z" duration-ms="51049" status="PASS">
          <params>
            <param index="0">
              <value>
                <![CDATA[To test the features of the animation present in the app]]>
              </value>
            </param>
          </params>
          <reporter-output>
          </reporter-output>
        </test-method> <!-- feature -->
        <test-method is-config="true" signature="atestCaseResult(org.testng.ITestResult)[pri:0, instance:Runner.RunnerClass@2c22a348]" started-at="2022-11-10T15:19:19Z" name="atestCaseResult" finished-at="2022-11-10T15:19:19Z" duration-ms="2" status="PASS">
          <params>
            <param index="0">
              <value>
                <![CDATA[[TestResult name=feature status=SUCCESS method=AbstractTestNGCucumberTests.feature(cucumber.api.testng.CucumberFeatureWrapper)[pri:0, instance:Runner.RunnerClass@2c22a348] output={null}]]]>
              </value>
            </param>
          </params>
          <reporter-output>
          </reporter-output>
        </test-method> <!-- atestCaseResult -->
        <test-method is-config="true" signature="endTest()[pri:0, instance:Runner.RunnerClass@2c22a348]" started-at="2022-11-10T15:19:19Z" name="endTest" finished-at="2022-11-10T15:19:19Z" duration-ms="5" status="PASS">
          <reporter-output>
          </reporter-output>
        </test-method> <!-- endTest -->
        <test-method is-config="true" signature="startTest(java.lang.reflect.Method)[pri:0, instance:Runner.RunnerClass@2c22a348]" started-at="2022-11-10T15:19:19Z" name="startTest" finished-at="2022-11-10T15:19:19Z" duration-ms="1" status="PASS">
          <params>
            <param index="0">
              <value>
                <![CDATA[public void cucumber.api.testng.AbstractTestNGCucumberTests.feature(cucumber.api.testng.CucumberFeatureWrapper)]]>
              </value>
            </param>
          </params>
          <reporter-output>
          </reporter-output>
        </test-method> <!-- startTest -->
        <test-method signature="feature(cucumber.api.testng.CucumberFeatureWrapper)[pri:0, instance:Runner.RunnerClass@2c22a348]" started-at="2022-11-10T15:19:19Z" name="feature" description="Runs Cucumber Feature" data-provider="features" finished-at="2022-11-10T15:20:31Z" duration-ms="71813" status="PASS">
          <params>
            <param index="0">
              <value>
                <![CDATA[To test the features of the app button present in the app]]>
              </value>
            </param>
          </params>
          <reporter-output>
          </reporter-output>
        </test-method> <!-- feature -->
        <test-method is-config="true" signature="atestCaseResult(org.testng.ITestResult)[pri:0, instance:Runner.RunnerClass@2c22a348]" started-at="2022-11-10T15:20:31Z" name="atestCaseResult" finished-at="2022-11-10T15:20:31Z" duration-ms="1" status="PASS">
          <params>
            <param index="0">
              <value>
                <![CDATA[[TestResult name=feature status=SUCCESS method=AbstractTestNGCucumberTests.feature(cucumber.api.testng.CucumberFeatureWrapper)[pri:0, instance:Runner.RunnerClass@2c22a348] output={null}]]]>
              </value>
            </param>
          </params>
          <reporter-output>
          </reporter-output>
        </test-method> <!-- atestCaseResult -->
        <test-method is-config="true" signature="endTest()[pri:0, instance:Runner.RunnerClass@2c22a348]" started-at="2022-11-10T15:20:31Z" name="endTest" finished-at="2022-11-10T15:20:31Z" duration-ms="0" status="PASS">
          <reporter-output>
          </reporter-output>
        </test-method> <!-- endTest -->
        <test-method signature="feature(cucumber.api.testng.CucumberFeatureWrapper)[pri:0, instance:Runner.RunnerClass@2c22a348]" started-at="2022-11-10T15:20:31Z" name="feature" description="Runs Cucumber Feature" data-provider="features" finished-at="2022-11-10T15:21:25Z" duration-ms="54189" status="PASS">
          <params>
            <param index="0">
              <value>
                <![CDATA[To test the features of the media button present in the app]]>
              </value>
            </param>
          </params>
          <reporter-output>
          </reporter-output>
        </test-method> <!-- feature -->
        <test-method is-config="true" signature="startTest(java.lang.reflect.Method)[pri:0, instance:Runner.RunnerClass@2c22a348]" started-at="2022-11-10T15:20:31Z" name="startTest" finished-at="2022-11-10T15:20:31Z" duration-ms="0" status="PASS">
          <params>
            <param index="0">
              <value>
                <![CDATA[public void cucumber.api.testng.AbstractTestNGCucumberTests.feature(cucumber.api.testng.CucumberFeatureWrapper)]]>
              </value>
            </param>
          </params>
          <reporter-output>
          </reporter-output>
        </test-method> <!-- startTest -->
        <test-method is-config="true" signature="atestCaseResult(org.testng.ITestResult)[pri:0, instance:Runner.RunnerClass@2c22a348]" started-at="2022-11-10T15:21:25Z" name="atestCaseResult" finished-at="2022-11-10T15:21:25Z" duration-ms="1" status="PASS">
          <params>
            <param index="0">
              <value>
                <![CDATA[[TestResult name=feature status=SUCCESS method=AbstractTestNGCucumberTests.feature(cucumber.api.testng.CucumberFeatureWrapper)[pri:0, instance:Runner.RunnerClass@2c22a348] output={null}]]]>
              </value>
            </param>
          </params>
          <reporter-output>
          </reporter-output>
        </test-method> <!-- atestCaseResult -->
        <test-method is-config="true" signature="endTest()[pri:0, instance:Runner.RunnerClass@2c22a348]" started-at="2022-11-10T15:21:25Z" name="endTest" finished-at="2022-11-10T15:21:25Z" duration-ms="0" status="PASS">
          <reporter-output>
          </reporter-output>
        </test-method> <!-- endTest -->
        <test-method is-config="true" signature="tearDownClass()[pri:0, instance:Runner.RunnerClass@2c22a348]" started-at="2022-11-10T15:21:25Z" name="tearDownClass" finished-at="2022-11-10T15:21:25Z" duration-ms="4" status="PASS">
          <reporter-output>
          </reporter-output>
        </test-method> <!-- tearDownClass -->
        <test-method is-config="true" signature="Teardown()[pri:0, instance:Runner.RunnerClass@2c22a348]" started-at="2022-11-10T15:21:25Z" name="Teardown" finished-at="2022-11-10T15:21:26Z" duration-ms="533" status="PASS">
          <reporter-output>
          </reporter-output>
        </test-method> <!-- Teardown -->
      </class> <!-- Runner.RunnerClass -->
    </test> <!-- Test -->
  </suite> <!-- Suite -->
</testng-results>
